<?xml version="1.0" encoding="UTF-8"?>
<!-- Generated by org.testng.reporters.JUnitXMLReporter -->
<testsuite ignored="0" hostname="DHRUVIKA" failures="0" tests="12" name="Default test" time="130.367" errors="0" timestamp="2025-05-27T16:35:20 IST">
  <testcase classname="com.admin.in.test.AdminHrTest" name="loginTest" time="21.102"/>
  <testcase classname="com.admin.in.test.AdminHrTest" name="addEmployeeTest" time="14.055"/>
  <testcase classname="com.admin.in.test.AdminHrTest" name="searchEmployeeTest" time="2.512"/>
  <testcase classname="com.admin.in.test.AdminHrTest" name="addpayrollTest" time="17.219"/>
  <testcase classname="com.admin.in.test.AdminHrTest" name="addSalPayTest" time="7.309"/>
  <testcase classname="com.admin.in.test.AdminHrTest" name="holidayTest" time="3.086"/>
  <testcase classname="com.admin.in.test.AdminHrTest" name="deleteholidayTest" time="12.23"/>
  <testcase classname="com.admin.in.test.AdminHrTest" name="massengerTest" time="5.139"/>
  <testcase classname="com.admin.in.test.AdminHrTest" name="taskTest" time="10.939"/>
  <testcase classname="com.admin.in.test.AdminHrTest" name="settingTest" time="6.32"/>
  <testcase classname="com.admin.in.test.AdminHrTest" name="leaveTest" time="16.917"/>
  <testcase classname="com.admin.in.test.AdminHrTest" name="leaveSearchTest" time="7.24"/>
</testsuite> <!-- Default test -->
