<?xml version="1.0" encoding="UTF-8"?>
<!-- Generated by org.testng.reporters.JUnitXMLReporter -->
<testsuite ignored="0" hostname="DHRUVIKA" failures="0" tests="10" name="Default test" time="85.897" errors="0" timestamp="2025-05-12T12:57:42 IST">
  <testcase classname="com.admin.in.test.AdminHrTest" name="loginTest" time="21.086"/>
  <testcase classname="com.admin.in.test.AdminHrTest" name="dashboardTest" time="4.576"/>
  <testcase classname="com.admin.in.test.AdminHrTest" name="deleteDashboardTest" time="2.126"/>
  <testcase classname="com.admin.in.test.AdminHrTest" name="addEmployeeTest" time="13.781"/>
  <testcase classname="com.admin.in.test.AdminHrTest" name="searchEmployeeTest" time="2.405"/>
  <testcase classname="com.admin.in.test.AdminHrTest" name="payrollTest" time="5.183"/>
  <testcase classname="com.admin.in.test.AdminHrTest" name="massengerTest" time="5.168"/>
  <testcase classname="com.admin.in.test.AdminHrTest" name="taskTest" time="7.199"/>
  <testcase classname="com.admin.in.test.AdminHrTest" name="settingTest" time="6.2"/>
  <testcase classname="com.admin.in.test.AdminHrTest" name="leaveTest" time="7.182"/>
</testsuite> <!-- Default test -->
