<?xml version="1.0" encoding="UTF-8"?>
<testng-results ignored="0" total="10" passed="10" failed="0" skipped="0">
  <reporter-output>
  </reporter-output>
  <suite started-at="2025-05-12T12:56:16 IST" name="Default suite" finished-at="2025-05-12T12:57:42 IST" duration-ms="85897">
    <groups>
    </groups>
    <test started-at="2025-05-12T12:56:16 IST" name="Default test" finished-at="2025-05-12T12:57:42 IST" duration-ms="85897">
      <class name="com.admin.in.test.AdminHrTest">
        <test-method is-config="true" signature="setup()[pri:0, instance:com.admin.in.test.AdminHrTest@28dcca0c]" started-at="2025-05-12T12:56:16 IST" name="setup" finished-at="2025-05-12T12:56:27 IST" duration-ms="10846" status="PASS">
          <reporter-output>
          </reporter-output>
        </test-method> <!-- setup -->
        <test-method signature="loginTest()[pri:1, instance:com.admin.in.test.AdminHrTest@28dcca0c]" started-at="2025-05-12T12:56:27 IST" name="loginTest" finished-at="2025-05-12T12:56:48 IST" duration-ms="21086" status="PASS">
          <reporter-output>
          </reporter-output>
        </test-method> <!-- loginTest -->
        <test-method signature="dashboardTest()[pri:2, instance:com.admin.in.test.AdminHrTest@28dcca0c]" started-at="2025-05-12T12:56:48 IST" name="dashboardTest" finished-at="2025-05-12T12:56:53 IST" duration-ms="4576" status="PASS">
          <reporter-output>
          </reporter-output>
        </test-method> <!-- dashboardTest -->
        <test-method signature="deleteDashboardTest()[pri:4, instance:com.admin.in.test.AdminHrTest@28dcca0c]" started-at="2025-05-12T12:56:53 IST" name="deleteDashboardTest" finished-at="2025-05-12T12:56:55 IST" duration-ms="2126" status="PASS">
          <reporter-output>
          </reporter-output>
        </test-method> <!-- deleteDashboardTest -->
        <test-method signature="addEmployeeTest()[pri:5, instance:com.admin.in.test.AdminHrTest@28dcca0c]" started-at="2025-05-12T12:56:55 IST" name="addEmployeeTest" finished-at="2025-05-12T12:57:09 IST" duration-ms="13781" status="PASS">
          <reporter-output>
          </reporter-output>
        </test-method> <!-- addEmployeeTest -->
        <test-method signature="searchEmployeeTest()[pri:6, instance:com.admin.in.test.AdminHrTest@28dcca0c]" started-at="2025-05-12T12:57:09 IST" name="searchEmployeeTest" finished-at="2025-05-12T12:57:11 IST" duration-ms="2405" status="PASS">
          <reporter-output>
          </reporter-output>
        </test-method> <!-- searchEmployeeTest -->
        <test-method signature="payrollTest()[pri:10, instance:com.admin.in.test.AdminHrTest@28dcca0c]" started-at="2025-05-12T12:57:11 IST" name="payrollTest" finished-at="2025-05-12T12:57:16 IST" duration-ms="5183" status="PASS">
          <reporter-output>
          </reporter-output>
        </test-method> <!-- payrollTest -->
        <test-method signature="massengerTest()[pri:11, instance:com.admin.in.test.AdminHrTest@28dcca0c]" started-at="2025-05-12T12:57:16 IST" name="massengerTest" finished-at="2025-05-12T12:57:21 IST" duration-ms="5168" status="PASS">
          <reporter-output>
          </reporter-output>
        </test-method> <!-- massengerTest -->
        <test-method signature="taskTest()[pri:12, instance:com.admin.in.test.AdminHrTest@28dcca0c]" started-at="2025-05-12T12:57:21 IST" name="taskTest" finished-at="2025-05-12T12:57:29 IST" duration-ms="7199" status="PASS">
          <reporter-output>
          </reporter-output>
        </test-method> <!-- taskTest -->
        <test-method signature="settingTest()[pri:13, instance:com.admin.in.test.AdminHrTest@28dcca0c]" started-at="2025-05-12T12:57:29 IST" name="settingTest" finished-at="2025-05-12T12:57:35 IST" duration-ms="6200" status="PASS">
          <reporter-output>
          </reporter-output>
        </test-method> <!-- settingTest -->
        <test-method signature="leaveTest()[pri:14, instance:com.admin.in.test.AdminHrTest@28dcca0c]" started-at="2025-05-12T12:57:35 IST" name="leaveTest" finished-at="2025-05-12T12:57:42 IST" duration-ms="7182" status="PASS">
          <reporter-output>
          </reporter-output>
        </test-method> <!-- leaveTest -->
        <test-method is-config="true" signature="tearDown()[pri:0, instance:com.admin.in.test.AdminHrTest@28dcca0c]" started-at="2025-05-12T12:57:42 IST" name="tearDown" finished-at="2025-05-12T12:57:42 IST" duration-ms="0" status="PASS">
          <reporter-output>
          </reporter-output>
        </test-method> <!-- tearDown -->
      </class> <!-- com.admin.in.test.AdminHrTest -->
    </test> <!-- Default test -->
  </suite> <!-- Default suite -->
</testng-results>
